Analysis & Synthesis report for VGA
Wed Jun 20 16:12:00 2018
Quartus II 64-Bit Version 13.0.1 Build 232 06/12/2013 Service Pack 1 SJ Web Edition


---------------------
; Table of Contents ;
---------------------
  1. Legal Notice
  2. Analysis & Synthesis Summary
  3. Analysis & Synthesis Settings
  4. Parallel Compilation
  5. Analysis & Synthesis Source Files Read
  6. Analysis & Synthesis Resource Usage Summary
  7. Analysis & Synthesis Resource Utilization by Entity
  8. Analysis & Synthesis IP Cores Summary
  9. Registers Removed During Synthesis
 10. General Register Statistics
 11. Inverted Register Statistics
 12. Multiplexer Restructuring Statistics (Restructuring Performed)
 13. Source assignments for VGA:vga1|PLL:C2|PLL_altpll_0:altpll_0
 14. Source assignments for VGA:vga1|PLL:C2|PLL_altpll_0:altpll_0|PLL_altpll_0_stdsync_sv6:stdsync2|PLL_altpll_0_dffpipe_l2c:dffpipe3
 15. Parameter Settings for Inferred Entity Instance: PLAYER_CONTROLLER:p1|lpm_divide:Mod0
 16. Parameter Settings for Inferred Entity Instance: PLAYER_CONTROLLER:p1|lpm_divide:Mod1
 17. Parameter Settings for Inferred Entity Instance: PLAYER_CONTROLLER:p2|lpm_divide:Mod0
 18. Parameter Settings for Inferred Entity Instance: PLAYER_CONTROLLER:p2|lpm_divide:Mod1
 19. Port Connectivity Checks: "GAME_CONTROLLER:gameController"
 20. Port Connectivity Checks: "VGA:vga1|PLL:C2|PLL_altpll_0:altpll_0|PLL_altpll_0_altpll_h542:sd1"
 21. Port Connectivity Checks: "VGA:vga1|PLL:C2|PLL_altpll_0:altpll_0"
 22. Port Connectivity Checks: "VGA:vga1|PLL:C2"
 23. Elapsed Time Per Partition
 24. Analysis & Synthesis Messages



----------------
; Legal Notice ;
----------------
Copyright (C) 1991-2013 Altera Corporation
Your use of Altera Corporation's design tools, logic functions 
and other software and tools, and its AMPP partner logic 
functions, and any output files from any of the foregoing 
(including device programming or simulation files), and any 
associated documentation or information are expressly subject 
to the terms and conditions of the Altera Program License 
Subscription Agreement, Altera MegaCore Function License 
Agreement, or other applicable license agreement, including, 
without limitation, that your use is for the sole purpose of 
programming logic devices manufactured by Altera and sold by 
Altera or its authorized distributors.  Please refer to the 
applicable agreement for further details.



+--------------------------------------------------------------------------------------+
; Analysis & Synthesis Summary                                                         ;
+------------------------------------+-------------------------------------------------+
; Analysis & Synthesis Status        ; Successful - Wed Jun 20 16:12:00 2018           ;
; Quartus II 64-Bit Version          ; 13.0.1 Build 232 06/12/2013 SP 1 SJ Web Edition ;
; Revision Name                      ; VGA                                             ;
; Top-level Entity Name              ; TOP_LEVEL                                       ;
; Family                             ; Cyclone III                                     ;
; Total logic elements               ; 9,113                                           ;
;     Total combinational functions  ; 7,741                                           ;
;     Dedicated logic registers      ; 1,602                                           ;
; Total registers                    ; 1602                                            ;
; Total pins                         ; 24                                              ;
; Total virtual pins                 ; 0                                               ;
; Total memory bits                  ; 0                                               ;
; Embedded Multiplier 9-bit elements ; 0                                               ;
; Total PLLs                         ; 1                                               ;
+------------------------------------+-------------------------------------------------+


+----------------------------------------------------------------------------------------------------------------------+
; Analysis & Synthesis Settings                                                                                        ;
+----------------------------------------------------------------------------+--------------------+--------------------+
; Option                                                                     ; Setting            ; Default Value      ;
+----------------------------------------------------------------------------+--------------------+--------------------+
; Device                                                                     ; EP3C16F484C6       ;                    ;
; Top-level entity name                                                      ; TOP_LEVEL          ; VGA                ;
; Family name                                                                ; Cyclone III        ; Cyclone IV GX      ;
; Use smart compilation                                                      ; Off                ; Off                ;
; Enable parallel Assembler and TimeQuest Timing Analyzer during compilation ; On                 ; On                 ;
; Enable compact report table                                                ; Off                ; Off                ;
; Restructure Multiplexers                                                   ; Auto               ; Auto               ;
; Create Debugging Nodes for IP Cores                                        ; Off                ; Off                ;
; Preserve fewer node names                                                  ; On                 ; On                 ;
; Disable OpenCore Plus hardware evaluation                                  ; Off                ; Off                ;
; Verilog Version                                                            ; Verilog_2001       ; Verilog_2001       ;
; VHDL Version                                                               ; VHDL_1993          ; VHDL_1993          ;
; State Machine Processing                                                   ; Auto               ; Auto               ;
; Safe State Machine                                                         ; Off                ; Off                ;
; Extract Verilog State Machines                                             ; On                 ; On                 ;
; Extract VHDL State Machines                                                ; On                 ; On                 ;
; Ignore Verilog initial constructs                                          ; Off                ; Off                ;
; Iteration limit for constant Verilog loops                                 ; 5000               ; 5000               ;
; Iteration limit for non-constant Verilog loops                             ; 250                ; 250                ;
; Add Pass-Through Logic to Inferred RAMs                                    ; On                 ; On                 ;
; Infer RAMs from Raw Logic                                                  ; On                 ; On                 ;
; Parallel Synthesis                                                         ; On                 ; On                 ;
; DSP Block Balancing                                                        ; Auto               ; Auto               ;
; NOT Gate Push-Back                                                         ; On                 ; On                 ;
; Power-Up Don't Care                                                        ; On                 ; On                 ;
; Remove Redundant Logic Cells                                               ; Off                ; Off                ;
; Remove Duplicate Registers                                                 ; On                 ; On                 ;
; Ignore CARRY Buffers                                                       ; Off                ; Off                ;
; Ignore CASCADE Buffers                                                     ; Off                ; Off                ;
; Ignore GLOBAL Buffers                                                      ; Off                ; Off                ;
; Ignore ROW GLOBAL Buffers                                                  ; Off                ; Off                ;
; Ignore LCELL Buffers                                                       ; Off                ; Off                ;
; Ignore SOFT Buffers                                                        ; On                 ; On                 ;
; Limit AHDL Integers to 32 Bits                                             ; Off                ; Off                ;
; Optimization Technique                                                     ; Balanced           ; Balanced           ;
; Carry Chain Length                                                         ; 70                 ; 70                 ;
; Auto Carry Chains                                                          ; On                 ; On                 ;
; Auto Open-Drain Pins                                                       ; On                 ; On                 ;
; Perform WYSIWYG Primitive Resynthesis                                      ; Off                ; Off                ;
; Auto ROM Replacement                                                       ; On                 ; On                 ;
; Auto RAM Replacement                                                       ; On                 ; On                 ;
; Auto DSP Block Replacement                                                 ; On                 ; On                 ;
; Auto Shift Register Replacement                                            ; Auto               ; Auto               ;
; Allow Shift Register Merging across Hierarchies                            ; Auto               ; Auto               ;
; Auto Clock Enable Replacement                                              ; On                 ; On                 ;
; Strict RAM Replacement                                                     ; Off                ; Off                ;
; Allow Synchronous Control Signals                                          ; On                 ; On                 ;
; Force Use of Synchronous Clear Signals                                     ; Off                ; Off                ;
; Auto RAM Block Balancing                                                   ; On                 ; On                 ;
; Auto RAM to Logic Cell Conversion                                          ; Off                ; Off                ;
; Auto Resource Sharing                                                      ; Off                ; Off                ;
; Allow Any RAM Size For Recognition                                         ; Off                ; Off                ;
; Allow Any ROM Size For Recognition                                         ; Off                ; Off                ;
; Allow Any Shift Register Size For Recognition                              ; Off                ; Off                ;
; Use LogicLock Constraints during Resource Balancing                        ; On                 ; On                 ;
; Ignore translate_off and synthesis_off directives                          ; Off                ; Off                ;
; Timing-Driven Synthesis                                                    ; On                 ; On                 ;
; Report Parameter Settings                                                  ; On                 ; On                 ;
; Report Source Assignments                                                  ; On                 ; On                 ;
; Report Connectivity Checks                                                 ; On                 ; On                 ;
; Ignore Maximum Fan-Out Assignments                                         ; Off                ; Off                ;
; Synchronization Register Chain Length                                      ; 2                  ; 2                  ;
; PowerPlay Power Optimization                                               ; Normal compilation ; Normal compilation ;
; HDL message level                                                          ; Level2             ; Level2             ;
; Suppress Register Optimization Related Messages                            ; Off                ; Off                ;
; Number of Removed Registers Reported in Synthesis Report                   ; 5000               ; 5000               ;
; Number of Swept Nodes Reported in Synthesis Report                         ; 5000               ; 5000               ;
; Number of Inverted Registers Reported in Synthesis Report                  ; 100                ; 100                ;
; Clock MUX Protection                                                       ; On                 ; On                 ;
; Auto Gated Clock Conversion                                                ; Off                ; Off                ;
; Block Design Naming                                                        ; Auto               ; Auto               ;
; SDC constraint protection                                                  ; Off                ; Off                ;
; Synthesis Effort                                                           ; Auto               ; Auto               ;
; Shift Register Replacement - Allow Asynchronous Clear Signal               ; On                 ; On                 ;
; Pre-Mapping Resynthesis Optimization                                       ; Off                ; Off                ;
; Analysis & Synthesis Message Level                                         ; Medium             ; Medium             ;
; Disable Register Merging Across Hierarchies                                ; Auto               ; Auto               ;
; Resource Aware Inference For Block RAM                                     ; On                 ; On                 ;
; Synthesis Seed                                                             ; 1                  ; 1                  ;
+----------------------------------------------------------------------------+--------------------+--------------------+


Parallel compilation was disabled, but you have multiple processors available. Enable parallel compilation to reduce compilation time.
+-------------------------------------+
; Parallel Compilation                ;
+----------------------------+--------+
; Processors                 ; Number ;
+----------------------------+--------+
; Number detected on machine ; 4      ;
; Maximum allowed            ; 1      ;
+----------------------------+--------+


+---------------------------------------------------------------------------------------------------------------------------------------------------------------------------------------------------------+
; Analysis & Synthesis Source Files Read                                                                                                                                                                  ;
+-------------------------------------------------+-----------------+------------------------------+--------------------------------------------------------------------------------------------+---------+
; File Name with User-Entered Path                ; Used in Netlist ; File Type                    ; File Name with Absolute Path                                                               ; Library ;
+-------------------------------------------------+-----------------+------------------------------+--------------------------------------------------------------------------------------------+---------+
; TOP_LEVEL.vhd                                   ; yes             ; User VHDL File               ; C:/Users/gusta/Desktop/snake-vhdl/code/VGA/TOP_LEVEL.vhd                                   ;         ;
; PLL/PLL/PLL/synthesis/PLL.v                     ; yes             ; User Verilog HDL File        ; C:/Users/gusta/Desktop/snake-vhdl/code/VGA/PLL/PLL/PLL/synthesis/PLL.v                     ; PLL     ;
; PLL/PLL/PLL/synthesis/submodules/PLL_altpll_0.v ; yes             ; User Verilog HDL File        ; C:/Users/gusta/Desktop/snake-vhdl/code/VGA/PLL/PLL/PLL/synthesis/submodules/PLL_altpll_0.v ; PLL     ;
; VGA.vhd                                         ; yes             ; User VHDL File               ; C:/Users/gusta/Desktop/snake-vhdl/code/VGA/VGA.vhd                                         ;         ;
; SYNC.vhd                                        ; yes             ; User VHDL File               ; C:/Users/gusta/Desktop/snake-vhdl/code/VGA/SYNC.vhd                                        ;         ;
; PLAYER_CONTROLLER.vhd                           ; yes             ; User VHDL File               ; C:/Users/gusta/Desktop/snake-vhdl/code/VGA/PLAYER_CONTROLLER.vhd                           ;         ;
; types.vhd                                       ; yes             ; User VHDL File               ; C:/Users/gusta/Desktop/snake-vhdl/code/VGA/types.vhd                                       ;         ;
; GAME_TIMER.vhd                                  ; yes             ; User VHDL File               ; C:/Users/gusta/Desktop/snake-vhdl/code/VGA/GAME_TIMER.vhd                                  ;         ;
; GAME_CONTROLLER.vhd                             ; yes             ; User VHDL File               ; C:/Users/gusta/Desktop/snake-vhdl/code/VGA/GAME_CONTROLLER.vhd                             ;         ;
; lpm_divide.tdf                                  ; yes             ; Megafunction                 ; c:/altera/13.0sp1/quartus/libraries/megafunctions/lpm_divide.tdf                           ;         ;
; abs_divider.inc                                 ; yes             ; Megafunction                 ; c:/altera/13.0sp1/quartus/libraries/megafunctions/abs_divider.inc                          ;         ;
; sign_div_unsign.inc                             ; yes             ; Megafunction                 ; c:/altera/13.0sp1/quartus/libraries/megafunctions/sign_div_unsign.inc                      ;         ;
; aglobal130.inc                                  ; yes             ; Megafunction                 ; c:/altera/13.0sp1/quartus/libraries/megafunctions/aglobal130.inc                           ;         ;
; db/lpm_divide_cbm.tdf                           ; yes             ; Auto-Generated Megafunction  ; C:/Users/gusta/Desktop/snake-vhdl/code/VGA/db/lpm_divide_cbm.tdf                           ;         ;
; db/sign_div_unsign_anh.tdf                      ; yes             ; Auto-Generated Megafunction  ; C:/Users/gusta/Desktop/snake-vhdl/code/VGA/db/sign_div_unsign_anh.tdf                      ;         ;
; db/alt_u_div_v8f.tdf                            ; yes             ; Auto-Generated Megafunction  ; C:/Users/gusta/Desktop/snake-vhdl/code/VGA/db/alt_u_div_v8f.tdf                            ;         ;
; db/add_sub_unc.tdf                              ; yes             ; Auto-Generated Megafunction  ; C:/Users/gusta/Desktop/snake-vhdl/code/VGA/db/add_sub_unc.tdf                              ;         ;
; db/add_sub_vnc.tdf                              ; yes             ; Auto-Generated Megafunction  ; C:/Users/gusta/Desktop/snake-vhdl/code/VGA/db/add_sub_vnc.tdf                              ;         ;
+-------------------------------------------------+-----------------+------------------------------+--------------------------------------------------------------------------------------------+---------+


+----------------------------------------------------------------------+
; Analysis & Synthesis Resource Usage Summary                          ;
+---------------------------------------------+------------------------+
; Resource                                    ; Usage                  ;
+---------------------------------------------+------------------------+
; Estimated Total logic elements              ; 9,113                  ;
;                                             ;                        ;
; Total combinational functions               ; 7741                   ;
; Logic element usage by number of LUT inputs ;                        ;
;     -- 4 input functions                    ; 2553                   ;
;     -- 3 input functions                    ; 2349                   ;
;     -- <=2 input functions                  ; 2839                   ;
;                                             ;                        ;
; Logic elements by mode                      ;                        ;
;     -- normal mode                          ; 5018                   ;
;     -- arithmetic mode                      ; 2723                   ;
;                                             ;                        ;
; Total registers                             ; 1602                   ;
;     -- Dedicated logic registers            ; 1602                   ;
;     -- I/O registers                        ; 0                      ;
;                                             ;                        ;
; I/O pins                                    ; 24                     ;
; Embedded Multiplier 9-bit elements          ; 0                      ;
; Total PLLs                                  ; 1                      ;
;     -- PLLs                                 ; 1                      ;
;                                             ;                        ;
; Maximum fan-out node                        ; GAME_TIMER:C3|timerOut ;
; Maximum fan-out                             ; 1545                   ;
; Total fan-out                               ; 26795                  ;
; Average fan-out                             ; 2.85                   ;
+---------------------------------------------+------------------------+


+---------------------------------------------------------------------------------------------------------------------------------------------------------------------------------------------------------------------------------------------------------------------------------------------------------+
; Analysis & Synthesis Resource Utilization by Entity                                                                                                                                                                                                                                                     ;
+--------------------------------------------+-------------------+--------------+-------------+--------------+---------+-----------+------+--------------+---------------------------------------------------------------------------------------------------------------------------------+--------------+
; Compilation Hierarchy Node                 ; LC Combinationals ; LC Registers ; Memory Bits ; DSP Elements ; DSP 9x9 ; DSP 18x18 ; Pins ; Virtual Pins ; Full Hierarchy Name                                                                                                             ; Library Name ;
+--------------------------------------------+-------------------+--------------+-------------+--------------+---------+-----------+------+--------------+---------------------------------------------------------------------------------------------------------------------------------+--------------+
; |TOP_LEVEL                                 ; 7741 (0)          ; 1602 (0)     ; 0           ; 0            ; 0       ; 0         ; 24   ; 0            ; |TOP_LEVEL                                                                                                                      ; work         ;
;    |GAME_CONTROLLER:gameController|        ; 1 (1)             ; 1 (1)        ; 0           ; 0            ; 0       ; 0         ; 0    ; 0            ; |TOP_LEVEL|GAME_CONTROLLER:gameController                                                                                       ; work         ;
;    |GAME_TIMER:C3|                         ; 43 (43)           ; 33 (33)      ; 0           ; 0            ; 0       ; 0         ; 0    ; 0            ; |TOP_LEVEL|GAME_TIMER:C3                                                                                                        ; work         ;
;    |PLAYER_CONTROLLER:p1|                  ; 3611 (411)        ; 772 (772)    ; 0           ; 0            ; 0       ; 0         ; 0    ; 0            ; |TOP_LEVEL|PLAYER_CONTROLLER:p1                                                                                                 ; work         ;
;       |lpm_divide:Mod0|                    ; 1589 (0)          ; 0 (0)        ; 0           ; 0            ; 0       ; 0         ; 0    ; 0            ; |TOP_LEVEL|PLAYER_CONTROLLER:p1|lpm_divide:Mod0                                                                                 ; work         ;
;          |lpm_divide_cbm:auto_generated|   ; 1589 (0)          ; 0 (0)        ; 0           ; 0            ; 0       ; 0         ; 0    ; 0            ; |TOP_LEVEL|PLAYER_CONTROLLER:p1|lpm_divide:Mod0|lpm_divide_cbm:auto_generated                                                   ; work         ;
;             |sign_div_unsign_anh:divider|  ; 1589 (0)          ; 0 (0)        ; 0           ; 0            ; 0       ; 0         ; 0    ; 0            ; |TOP_LEVEL|PLAYER_CONTROLLER:p1|lpm_divide:Mod0|lpm_divide_cbm:auto_generated|sign_div_unsign_anh:divider                       ; work         ;
;                |alt_u_div_v8f:divider|     ; 1589 (1589)       ; 0 (0)        ; 0           ; 0            ; 0       ; 0         ; 0    ; 0            ; |TOP_LEVEL|PLAYER_CONTROLLER:p1|lpm_divide:Mod0|lpm_divide_cbm:auto_generated|sign_div_unsign_anh:divider|alt_u_div_v8f:divider ; work         ;
;       |lpm_divide:Mod1|                    ; 1611 (0)          ; 0 (0)        ; 0           ; 0            ; 0       ; 0         ; 0    ; 0            ; |TOP_LEVEL|PLAYER_CONTROLLER:p1|lpm_divide:Mod1                                                                                 ; work         ;
;          |lpm_divide_cbm:auto_generated|   ; 1611 (0)          ; 0 (0)        ; 0           ; 0            ; 0       ; 0         ; 0    ; 0            ; |TOP_LEVEL|PLAYER_CONTROLLER:p1|lpm_divide:Mod1|lpm_divide_cbm:auto_generated                                                   ; work         ;
;             |sign_div_unsign_anh:divider|  ; 1611 (0)          ; 0 (0)        ; 0           ; 0            ; 0       ; 0         ; 0    ; 0            ; |TOP_LEVEL|PLAYER_CONTROLLER:p1|lpm_divide:Mod1|lpm_divide_cbm:auto_generated|sign_div_unsign_anh:divider                       ; work         ;
;                |alt_u_div_v8f:divider|     ; 1611 (1611)       ; 0 (0)        ; 0           ; 0            ; 0       ; 0         ; 0    ; 0            ; |TOP_LEVEL|PLAYER_CONTROLLER:p1|lpm_divide:Mod1|lpm_divide_cbm:auto_generated|sign_div_unsign_anh:divider|alt_u_div_v8f:divider ; work         ;
;    |PLAYER_CONTROLLER:p2|                  ; 3611 (411)        ; 772 (772)    ; 0           ; 0            ; 0       ; 0         ; 0    ; 0            ; |TOP_LEVEL|PLAYER_CONTROLLER:p2                                                                                                 ; work         ;
;       |lpm_divide:Mod0|                    ; 1589 (0)          ; 0 (0)        ; 0           ; 0            ; 0       ; 0         ; 0    ; 0            ; |TOP_LEVEL|PLAYER_CONTROLLER:p2|lpm_divide:Mod0                                                                                 ; work         ;
;          |lpm_divide_cbm:auto_generated|   ; 1589 (0)          ; 0 (0)        ; 0           ; 0            ; 0       ; 0         ; 0    ; 0            ; |TOP_LEVEL|PLAYER_CONTROLLER:p2|lpm_divide:Mod0|lpm_divide_cbm:auto_generated                                                   ; work         ;
;             |sign_div_unsign_anh:divider|  ; 1589 (0)          ; 0 (0)        ; 0           ; 0            ; 0       ; 0         ; 0    ; 0            ; |TOP_LEVEL|PLAYER_CONTROLLER:p2|lpm_divide:Mod0|lpm_divide_cbm:auto_generated|sign_div_unsign_anh:divider                       ; work         ;
;                |alt_u_div_v8f:divider|     ; 1589 (1589)       ; 0 (0)        ; 0           ; 0            ; 0       ; 0         ; 0    ; 0            ; |TOP_LEVEL|PLAYER_CONTROLLER:p2|lpm_divide:Mod0|lpm_divide_cbm:auto_generated|sign_div_unsign_anh:divider|alt_u_div_v8f:divider ; work         ;
;       |lpm_divide:Mod1|                    ; 1611 (0)          ; 0 (0)        ; 0           ; 0            ; 0       ; 0         ; 0    ; 0            ; |TOP_LEVEL|PLAYER_CONTROLLER:p2|lpm_divide:Mod1                                                                                 ; work         ;
;          |lpm_divide_cbm:auto_generated|   ; 1611 (0)          ; 0 (0)        ; 0           ; 0            ; 0       ; 0         ; 0    ; 0            ; |TOP_LEVEL|PLAYER_CONTROLLER:p2|lpm_divide:Mod1|lpm_divide_cbm:auto_generated                                                   ; work         ;
;             |sign_div_unsign_anh:divider|  ; 1611 (0)          ; 0 (0)        ; 0           ; 0            ; 0       ; 0         ; 0    ; 0            ; |TOP_LEVEL|PLAYER_CONTROLLER:p2|lpm_divide:Mod1|lpm_divide_cbm:auto_generated|sign_div_unsign_anh:divider                       ; work         ;
;                |alt_u_div_v8f:divider|     ; 1611 (1611)       ; 0 (0)        ; 0           ; 0            ; 0       ; 0         ; 0    ; 0            ; |TOP_LEVEL|PLAYER_CONTROLLER:p2|lpm_divide:Mod1|lpm_divide_cbm:auto_generated|sign_div_unsign_anh:divider|alt_u_div_v8f:divider ; work         ;
;    |VGA:vga1|                              ; 475 (0)           ; 24 (0)       ; 0           ; 0            ; 0       ; 0         ; 0    ; 0            ; |TOP_LEVEL|VGA:vga1                                                                                                             ; work         ;
;       |PLL:C2|                             ; 0 (0)             ; 0 (0)        ; 0           ; 0            ; 0       ; 0         ; 0    ; 0            ; |TOP_LEVEL|VGA:vga1|PLL:C2                                                                                                      ; PLL          ;
;          |PLL_altpll_0:altpll_0|           ; 0 (0)             ; 0 (0)        ; 0           ; 0            ; 0       ; 0         ; 0    ; 0            ; |TOP_LEVEL|VGA:vga1|PLL:C2|PLL_altpll_0:altpll_0                                                                                ; PLL          ;
;             |PLL_altpll_0_altpll_h542:sd1| ; 0 (0)             ; 0 (0)        ; 0           ; 0            ; 0       ; 0         ; 0    ; 0            ; |TOP_LEVEL|VGA:vga1|PLL:C2|PLL_altpll_0:altpll_0|PLL_altpll_0_altpll_h542:sd1                                                   ; PLL          ;
;       |SYNC:C1|                            ; 475 (475)         ; 24 (24)      ; 0           ; 0            ; 0       ; 0         ; 0    ; 0            ; |TOP_LEVEL|VGA:vga1|SYNC:C1                                                                                                     ; work         ;
+--------------------------------------------+-------------------+--------------+-------------+--------------+---------+-----------+------+--------------+---------------------------------------------------------------------------------------------------------------------------------+--------------+
Note: For table entries with two numbers listed, the numbers in parentheses indicate the number of resources of the given type used by the specific entity alone. The numbers listed outside of parentheses indicate the total resources of the given type used by the specific entity and all of its sub-entities in the hierarchy.


+---------------------------------------------------------------------------------------------------------------------------------------------------------+
; Analysis & Synthesis IP Cores Summary                                                                                                                   ;
+--------+--------------+---------+--------------+--------------+--------------------------------------------------+--------------------------------------+
; Vendor ; IP Core Name ; Version ; Release Date ; License Type ; Entity Instance                                  ; IP Include File                      ;
+--------+--------------+---------+--------------+--------------+--------------------------------------------------+--------------------------------------+
; Altera ; Qsys         ; 13.0sp1 ; N/A          ; N/A          ; |TOP_LEVEL|VGA:vga1|PLL:C2                       ; PLL/PLL/PLL/synthesis/../../PLL.qsys ;
; Altera ; altpll       ; 13.0    ; N/A          ; N/A          ; |TOP_LEVEL|VGA:vga1|PLL:C2|PLL_altpll_0:altpll_0 ; PLL/PLL/PLL/synthesis/../../PLL.qsys ;
+--------+--------------+---------+--------------+--------------+--------------------------------------------------+--------------------------------------+


+------------------------------------------------------------------------------------------------------------+
; Registers Removed During Synthesis                                                                         ;
+----------------------------------------------------+-------------------------------------------------------+
; Register name                                      ; Reason for Removal                                    ;
+----------------------------------------------------+-------------------------------------------------------+
; VGA:vga1|PLL:C2|PLL_altpll_0:altpll_0|prev_reset   ; Stuck at GND due to stuck port clear                  ;
; VGA:vga1|SYNC:C1|b[1..3]                           ; Merged with VGA:vga1|SYNC:C1|b[0]                     ;
; VGA:vga1|SYNC:C1|r[0..3]                           ; Merged with VGA:vga1|SYNC:C1|b[0]                     ;
; VGA:vga1|SYNC:C1|g[1..3]                           ; Merged with VGA:vga1|SYNC:C1|g[0]                     ;
; PLAYER_CONTROLLER:p2|player_direction[3..9,11..30] ; Merged with PLAYER_CONTROLLER:p2|player_direction[10] ;
; PLAYER_CONTROLLER:p1|player_direction[3..9,11..30] ; Merged with PLAYER_CONTROLLER:p1|player_direction[10] ;
; PLAYER_CONTROLLER:p2|player_direction[10]          ; Stuck at GND due to stuck port data_in                ;
; PLAYER_CONTROLLER:p1|player_direction[10]          ; Stuck at GND due to stuck port data_in                ;
; Total Number of Removed Registers = 67             ;                                                       ;
+----------------------------------------------------+-------------------------------------------------------+


+------------------------------------------------------+
; General Register Statistics                          ;
+----------------------------------------------+-------+
; Statistic                                    ; Value ;
+----------------------------------------------+-------+
; Total registers                              ; 1602  ;
; Number of registers using Synchronous Clear  ; 54    ;
; Number of registers using Synchronous Load   ; 60    ;
; Number of registers using Asynchronous Clear ; 2     ;
; Number of registers using Asynchronous Load  ; 0     ;
; Number of registers using Clock Enable       ; 715   ;
; Number of registers using Preset             ; 0     ;
+----------------------------------------------+-------+


+---------------------------------------------------------+
; Inverted Register Statistics                            ;
+-----------------------------------------------+---------+
; Inverted Register                             ; Fan out ;
+-----------------------------------------------+---------+
; PLAYER_CONTROLLER:p2|player[0][0][0]          ; 1       ;
; PLAYER_CONTROLLER:p2|player[0][0][31]         ; 1       ;
; PLAYER_CONTROLLER:p2|player[0][1][0]          ; 1       ;
; PLAYER_CONTROLLER:p2|player[0][1][31]         ; 1       ;
; PLAYER_CONTROLLER:p2|player[2][0][0]          ; 1       ;
; PLAYER_CONTROLLER:p2|player[2][0][31]         ; 1       ;
; PLAYER_CONTROLLER:p2|player[2][1][0]          ; 1       ;
; PLAYER_CONTROLLER:p2|player[2][1][31]         ; 1       ;
; PLAYER_CONTROLLER:p2|player[1][0][0]          ; 1       ;
; PLAYER_CONTROLLER:p2|player[1][0][31]         ; 1       ;
; PLAYER_CONTROLLER:p2|player[1][1][0]          ; 1       ;
; PLAYER_CONTROLLER:p2|player[1][1][31]         ; 1       ;
; PLAYER_CONTROLLER:p1|player[5][1][31]         ; 1       ;
; PLAYER_CONTROLLER:p2|player[3][1][31]         ; 1       ;
; PLAYER_CONTROLLER:p2|player[3][0][31]         ; 1       ;
; PLAYER_CONTROLLER:p2|player[3][0][0]          ; 1       ;
; PLAYER_CONTROLLER:p2|player[3][1][0]          ; 1       ;
; PLAYER_CONTROLLER:p1|player[5][0][0]          ; 1       ;
; PLAYER_CONTROLLER:p1|player[5][0][31]         ; 1       ;
; PLAYER_CONTROLLER:p1|player[5][1][0]          ; 1       ;
; PLAYER_CONTROLLER:p1|player[4][0][0]          ; 1       ;
; PLAYER_CONTROLLER:p1|player[4][0][31]         ; 1       ;
; PLAYER_CONTROLLER:p1|player[4][1][0]          ; 1       ;
; PLAYER_CONTROLLER:p1|player[4][1][31]         ; 1       ;
; PLAYER_CONTROLLER:p1|player[3][0][0]          ; 1       ;
; PLAYER_CONTROLLER:p1|player[3][0][31]         ; 1       ;
; PLAYER_CONTROLLER:p1|player[3][1][0]          ; 1       ;
; PLAYER_CONTROLLER:p1|player[3][1][31]         ; 1       ;
; PLAYER_CONTROLLER:p2|player[4][0][0]          ; 1       ;
; PLAYER_CONTROLLER:p2|player[4][0][31]         ; 1       ;
; PLAYER_CONTROLLER:p2|player[4][1][0]          ; 1       ;
; PLAYER_CONTROLLER:p2|player[4][1][31]         ; 1       ;
; PLAYER_CONTROLLER:p1|player[2][0][0]          ; 1       ;
; PLAYER_CONTROLLER:p1|player[2][0][31]         ; 1       ;
; PLAYER_CONTROLLER:p1|player[2][1][0]          ; 1       ;
; PLAYER_CONTROLLER:p1|player[2][1][31]         ; 1       ;
; PLAYER_CONTROLLER:p1|player[1][0][0]          ; 1       ;
; PLAYER_CONTROLLER:p1|player[1][0][31]         ; 1       ;
; PLAYER_CONTROLLER:p1|player[1][1][0]          ; 1       ;
; PLAYER_CONTROLLER:p1|player[1][1][31]         ; 1       ;
; PLAYER_CONTROLLER:p2|player[5][0][0]          ; 1       ;
; PLAYER_CONTROLLER:p2|player[5][0][31]         ; 1       ;
; PLAYER_CONTROLLER:p2|player[5][1][0]          ; 1       ;
; PLAYER_CONTROLLER:p2|player[5][1][31]         ; 1       ;
; PLAYER_CONTROLLER:p1|player[0][0][0]          ; 1       ;
; PLAYER_CONTROLLER:p1|player[0][0][31]         ; 1       ;
; PLAYER_CONTROLLER:p1|player[0][1][0]          ; 1       ;
; PLAYER_CONTROLLER:p1|player[0][1][31]         ; 1       ;
; PLAYER_CONTROLLER:p2|player_position[0][0][0] ; 7       ;
; PLAYER_CONTROLLER:p2|player_position[0][0][1] ; 6       ;
; PLAYER_CONTROLLER:p2|player_position[0][1][0] ; 7       ;
; PLAYER_CONTROLLER:p2|player_position[2][0][0] ; 2       ;
; PLAYER_CONTROLLER:p2|player_position[2][1][0] ; 2       ;
; PLAYER_CONTROLLER:p2|player_position[1][0][1] ; 2       ;
; PLAYER_CONTROLLER:p2|player_position[1][1][0] ; 2       ;
; PLAYER_CONTROLLER:p2|player_position[3][0][0] ; 2       ;
; PLAYER_CONTROLLER:p2|player_position[3][1][0] ; 2       ;
; PLAYER_CONTROLLER:p1|player_position[5][0][0] ; 1       ;
; PLAYER_CONTROLLER:p1|player_position[5][1][0] ; 1       ;
; PLAYER_CONTROLLER:p1|player_position[4][0][0] ; 2       ;
; PLAYER_CONTROLLER:p1|player_position[4][1][0] ; 2       ;
; PLAYER_CONTROLLER:p1|player_position[3][0][0] ; 2       ;
; PLAYER_CONTROLLER:p1|player_position[3][1][0] ; 2       ;
; PLAYER_CONTROLLER:p2|player_position[4][0][0] ; 2       ;
; PLAYER_CONTROLLER:p2|player_position[4][1][0] ; 2       ;
; PLAYER_CONTROLLER:p1|player_position[2][0][0] ; 2       ;
; PLAYER_CONTROLLER:p1|player_position[2][1][0] ; 2       ;
; PLAYER_CONTROLLER:p1|player_position[1][0][1] ; 2       ;
; PLAYER_CONTROLLER:p1|player_position[1][1][0] ; 2       ;
; PLAYER_CONTROLLER:p2|player_position[5][0][0] ; 1       ;
; PLAYER_CONTROLLER:p2|player_position[5][1][0] ; 1       ;
; PLAYER_CONTROLLER:p1|player_position[0][0][0] ; 7       ;
; PLAYER_CONTROLLER:p1|player_position[0][0][1] ; 6       ;
; PLAYER_CONTROLLER:p1|player_position[0][1][0] ; 7       ;
; PLAYER_CONTROLLER:p2|player_direction[31]     ; 7       ;
; PLAYER_CONTROLLER:p2|player_direction[0]      ; 10      ;
; PLAYER_CONTROLLER:p1|player_direction[0]      ; 9       ;
; PLAYER_CONTROLLER:p1|player_direction[31]     ; 7       ;
; Total number of inverted registers = 78       ;         ;
+-----------------------------------------------+---------+


+-------------------------------------------------------------------------------------------------------------------------------------------------------------------------+
; Multiplexer Restructuring Statistics (Restructuring Performed)                                                                                                          ;
+--------------------+-----------+---------------+----------------------+------------------------+------------+-----------------------------------------------------------+
; Multiplexer Inputs ; Bus Width ; Baseline Area ; Area if Restructured ; Saving if Restructured ; Registered ; Example Multiplexer Output                                ;
+--------------------+-----------+---------------+----------------------+------------------------+------------+-----------------------------------------------------------+
; 4:1                ; 30 bits   ; 60 LEs        ; 60 LEs               ; 0 LEs                  ; Yes        ; |TOP_LEVEL|PLAYER_CONTROLLER:p1|player_position[0][0][31] ;
; 4:1                ; 31 bits   ; 62 LEs        ; 62 LEs               ; 0 LEs                  ; Yes        ; |TOP_LEVEL|PLAYER_CONTROLLER:p1|player_position[0][1][31] ;
; 4:1                ; 30 bits   ; 60 LEs        ; 60 LEs               ; 0 LEs                  ; Yes        ; |TOP_LEVEL|PLAYER_CONTROLLER:p2|player_position[0][0][2]  ;
; 4:1                ; 31 bits   ; 62 LEs        ; 62 LEs               ; 0 LEs                  ; Yes        ; |TOP_LEVEL|PLAYER_CONTROLLER:p2|player_position[0][1][10] ;
; 5:1                ; 2 bits    ; 6 LEs         ; 4 LEs                ; 2 LEs                  ; Yes        ; |TOP_LEVEL|PLAYER_CONTROLLER:p1|player_direction[1]       ;
; 5:1                ; 2 bits    ; 6 LEs         ; 4 LEs                ; 2 LEs                  ; Yes        ; |TOP_LEVEL|PLAYER_CONTROLLER:p2|player_direction[1]       ;
; 15:1               ; 2 bits    ; 20 LEs        ; 10 LEs               ; 10 LEs                 ; Yes        ; |TOP_LEVEL|VGA:vga1|SYNC:C1|b[0]                          ;
; 4:1                ; 2 bits    ; 4 LEs         ; 4 LEs                ; 0 LEs                  ; Yes        ; |TOP_LEVEL|PLAYER_CONTROLLER:p1|player_position[0][0][1]  ;
; 4:1                ; 2 bits    ; 4 LEs         ; 4 LEs                ; 0 LEs                  ; Yes        ; |TOP_LEVEL|PLAYER_CONTROLLER:p2|player_position[0][0][0]  ;
; 5:1                ; 2 bits    ; 6 LEs         ; 4 LEs                ; 2 LEs                  ; Yes        ; |TOP_LEVEL|PLAYER_CONTROLLER:p1|player_direction[0]       ;
; 5:1                ; 2 bits    ; 6 LEs         ; 4 LEs                ; 2 LEs                  ; Yes        ; |TOP_LEVEL|PLAYER_CONTROLLER:p2|player_direction[0]       ;
+--------------------+-----------+---------------+----------------------+------------------------+------------+-----------------------------------------------------------+


+--------------------------------------------------------------+
; Source assignments for VGA:vga1|PLL:C2|PLL_altpll_0:altpll_0 ;
+----------------+-------+------+------------------------------+
; Assignment     ; Value ; From ; To                           ;
+----------------+-------+------+------------------------------+
; POWER_UP_LEVEL ; HIGH  ; -    ; pfdena_reg                   ;
+----------------+-------+------+------------------------------+


+----------------------------------------------------------------------------------------------------------------------------------+
; Source assignments for VGA:vga1|PLL:C2|PLL_altpll_0:altpll_0|PLL_altpll_0_stdsync_sv6:stdsync2|PLL_altpll_0_dffpipe_l2c:dffpipe3 ;
+---------------------------------+-------+------+---------------------------------------------------------------------------------+
; Assignment                      ; Value ; From ; To                                                                              ;
+---------------------------------+-------+------+---------------------------------------------------------------------------------+
; AUTO_SHIFT_REGISTER_RECOGNITION ; OFF   ; -    ; -                                                                               ;
+---------------------------------+-------+------+---------------------------------------------------------------------------------+


+---------------------------------------------------------------------------------------+
; Parameter Settings for Inferred Entity Instance: PLAYER_CONTROLLER:p1|lpm_divide:Mod0 ;
+------------------------+----------------+---------------------------------------------+
; Parameter Name         ; Value          ; Type                                        ;
+------------------------+----------------+---------------------------------------------+
; LPM_WIDTHN             ; 33             ; Untyped                                     ;
; LPM_WIDTHD             ; 32             ; Untyped                                     ;
; LPM_NREPRESENTATION    ; UNSIGNED       ; Untyped                                     ;
; LPM_DREPRESENTATION    ; UNSIGNED       ; Untyped                                     ;
; LPM_PIPELINE           ; 0              ; Untyped                                     ;
; LPM_REMAINDERPOSITIVE  ; TRUE           ; Untyped                                     ;
; MAXIMIZE_SPEED         ; 5              ; Untyped                                     ;
; CBXI_PARAMETER         ; lpm_divide_cbm ; Untyped                                     ;
; CARRY_CHAIN            ; MANUAL         ; Untyped                                     ;
; OPTIMIZE_FOR_SPEED     ; 5              ; Untyped                                     ;
; AUTO_CARRY_CHAINS      ; ON             ; AUTO_CARRY                                  ;
; IGNORE_CARRY_BUFFERS   ; OFF            ; IGNORE_CARRY                                ;
; AUTO_CASCADE_CHAINS    ; ON             ; AUTO_CASCADE                                ;
; IGNORE_CASCADE_BUFFERS ; OFF            ; IGNORE_CASCADE                              ;
+------------------------+----------------+---------------------------------------------+
Note: In order to hide this table in the UI and the text report file, please set the "Show Parameter Settings in Synthesis Report" option in "Analysis and Synthesis Settings -> More Settings" to "Off".


+---------------------------------------------------------------------------------------+
; Parameter Settings for Inferred Entity Instance: PLAYER_CONTROLLER:p1|lpm_divide:Mod1 ;
+------------------------+----------------+---------------------------------------------+
; Parameter Name         ; Value          ; Type                                        ;
+------------------------+----------------+---------------------------------------------+
; LPM_WIDTHN             ; 33             ; Untyped                                     ;
; LPM_WIDTHD             ; 32             ; Untyped                                     ;
; LPM_NREPRESENTATION    ; UNSIGNED       ; Untyped                                     ;
; LPM_DREPRESENTATION    ; UNSIGNED       ; Untyped                                     ;
; LPM_PIPELINE           ; 0              ; Untyped                                     ;
; LPM_REMAINDERPOSITIVE  ; TRUE           ; Untyped                                     ;
; MAXIMIZE_SPEED         ; 5              ; Untyped                                     ;
; CBXI_PARAMETER         ; lpm_divide_cbm ; Untyped                                     ;
; CARRY_CHAIN            ; MANUAL         ; Untyped                                     ;
; OPTIMIZE_FOR_SPEED     ; 5              ; Untyped                                     ;
; AUTO_CARRY_CHAINS      ; ON             ; AUTO_CARRY                                  ;
; IGNORE_CARRY_BUFFERS   ; OFF            ; IGNORE_CARRY                                ;
; AUTO_CASCADE_CHAINS    ; ON             ; AUTO_CASCADE                                ;
; IGNORE_CASCADE_BUFFERS ; OFF            ; IGNORE_CASCADE                              ;
+------------------------+----------------+---------------------------------------------+
Note: In order to hide this table in the UI and the text report file, please set the "Show Parameter Settings in Synthesis Report" option in "Analysis and Synthesis Settings -> More Settings" to "Off".


+---------------------------------------------------------------------------------------+
; Parameter Settings for Inferred Entity Instance: PLAYER_CONTROLLER:p2|lpm_divide:Mod0 ;
+------------------------+----------------+---------------------------------------------+
; Parameter Name         ; Value          ; Type                                        ;
+------------------------+----------------+---------------------------------------------+
; LPM_WIDTHN             ; 33             ; Untyped                                     ;
; LPM_WIDTHD             ; 32             ; Untyped                                     ;
; LPM_NREPRESENTATION    ; UNSIGNED       ; Untyped                                     ;
; LPM_DREPRESENTATION    ; UNSIGNED       ; Untyped                                     ;
; LPM_PIPELINE           ; 0              ; Untyped                                     ;
; LPM_REMAINDERPOSITIVE  ; TRUE           ; Untyped                                     ;
; MAXIMIZE_SPEED         ; 5              ; Untyped                                     ;
; CBXI_PARAMETER         ; lpm_divide_cbm ; Untyped                                     ;
; CARRY_CHAIN            ; MANUAL         ; Untyped                                     ;
; OPTIMIZE_FOR_SPEED     ; 5              ; Untyped                                     ;
; AUTO_CARRY_CHAINS      ; ON             ; AUTO_CARRY                                  ;
; IGNORE_CARRY_BUFFERS   ; OFF            ; IGNORE_CARRY                                ;
; AUTO_CASCADE_CHAINS    ; ON             ; AUTO_CASCADE                                ;
; IGNORE_CASCADE_BUFFERS ; OFF            ; IGNORE_CASCADE                              ;
+------------------------+----------------+---------------------------------------------+
Note: In order to hide this table in the UI and the text report file, please set the "Show Parameter Settings in Synthesis Report" option in "Analysis and Synthesis Settings -> More Settings" to "Off".


+---------------------------------------------------------------------------------------+
; Parameter Settings for Inferred Entity Instance: PLAYER_CONTROLLER:p2|lpm_divide:Mod1 ;
+------------------------+----------------+---------------------------------------------+
; Parameter Name         ; Value          ; Type                                        ;
+------------------------+----------------+---------------------------------------------+
; LPM_WIDTHN             ; 33             ; Untyped                                     ;
; LPM_WIDTHD             ; 32             ; Untyped                                     ;
; LPM_NREPRESENTATION    ; UNSIGNED       ; Untyped                                     ;
; LPM_DREPRESENTATION    ; UNSIGNED       ; Untyped                                     ;
; LPM_PIPELINE           ; 0              ; Untyped                                     ;
; LPM_REMAINDERPOSITIVE  ; TRUE           ; Untyped                                     ;
; MAXIMIZE_SPEED         ; 5              ; Untyped                                     ;
; CBXI_PARAMETER         ; lpm_divide_cbm ; Untyped                                     ;
; CARRY_CHAIN            ; MANUAL         ; Untyped                                     ;
; OPTIMIZE_FOR_SPEED     ; 5              ; Untyped                                     ;
; AUTO_CARRY_CHAINS      ; ON             ; AUTO_CARRY                                  ;
; IGNORE_CARRY_BUFFERS   ; OFF            ; IGNORE_CARRY                                ;
; AUTO_CASCADE_CHAINS    ; ON             ; AUTO_CASCADE                                ;
; IGNORE_CASCADE_BUFFERS ; OFF            ; IGNORE_CASCADE                              ;
+------------------------+----------------+---------------------------------------------+
Note: In order to hide this table in the UI and the text report file, please set the "Show Parameter Settings in Synthesis Report" option in "Analysis and Synthesis Settings -> More Settings" to "Off".


+-----------------------------------------------------------------------------------------------------------------------------------+
; Port Connectivity Checks: "GAME_CONTROLLER:gameController"                                                                        ;
+-------------------------+--------+----------+-------------------------------------------------------------------------------------+
; Port                    ; Type   ; Severity ; Details                                                                             ;
+-------------------------+--------+----------+-------------------------------------------------------------------------------------+
; gamestart               ; Input  ; Info     ; Stuck at GND                                                                        ;
; applematrix[0][31..1]   ; Input  ; Info     ; Stuck at GND                                                                        ;
; applematrix[0][0]       ; Input  ; Info     ; Stuck at VCC                                                                        ;
; applematrix[1][31..1]   ; Input  ; Info     ; Stuck at GND                                                                        ;
; applematrix[1][0]       ; Input  ; Info     ; Stuck at VCC                                                                        ;
; specialmatrix[0][31..2] ; Input  ; Info     ; Stuck at GND                                                                        ;
; specialmatrix[0][1]     ; Input  ; Info     ; Stuck at VCC                                                                        ;
; specialmatrix[0][0]     ; Input  ; Info     ; Stuck at GND                                                                        ;
; specialmatrix[1][31..2] ; Input  ; Info     ; Stuck at GND                                                                        ;
; specialmatrix[1][1]     ; Input  ; Info     ; Stuck at VCC                                                                        ;
; specialmatrix[1][0]     ; Input  ; Info     ; Stuck at GND                                                                        ;
; score1                  ; Output ; Info     ; Connected to dangling logic. Logic that only feeds a dangling port will be removed. ;
; score2                  ; Output ; Info     ; Connected to dangling logic. Logic that only feeds a dangling port will be removed. ;
; snake1ateapple          ; Output ; Info     ; Connected to dangling logic. Logic that only feeds a dangling port will be removed. ;
; snake2ateapple          ; Output ; Info     ; Connected to dangling logic. Logic that only feeds a dangling port will be removed. ;
; snake1atespecial        ; Output ; Info     ; Connected to dangling logic. Logic that only feeds a dangling port will be removed. ;
; snake2atespecial        ; Output ; Info     ; Connected to dangling logic. Logic that only feeds a dangling port will be removed. ;
+-------------------------+--------+----------+-------------------------------------------------------------------------------------+


+---------------------------------------------------------------------------------------------------------------------+
; Port Connectivity Checks: "VGA:vga1|PLL:C2|PLL_altpll_0:altpll_0|PLL_altpll_0_altpll_h542:sd1"                      ;
+-----------+--------+----------+-------------------------------------------------------------------------------------+
; Port      ; Type   ; Severity ; Details                                                                             ;
+-----------+--------+----------+-------------------------------------------------------------------------------------+
; clk[4..1] ; Output ; Info     ; Connected to dangling logic. Logic that only feeds a dangling port will be removed. ;
; inclk[1]  ; Input  ; Info     ; Stuck at GND                                                                        ;
+-----------+--------+----------+-------------------------------------------------------------------------------------+


+-------------------------------------------------------------------+
; Port Connectivity Checks: "VGA:vga1|PLL:C2|PLL_altpll_0:altpll_0" ;
+-----------+--------+----------+-----------------------------------+
; Port      ; Type   ; Severity ; Details                           ;
+-----------+--------+----------+-----------------------------------+
; read      ; Input  ; Info     ; Explicitly unconnected            ;
; write     ; Input  ; Info     ; Explicitly unconnected            ;
; address   ; Input  ; Info     ; Explicitly unconnected            ;
; readdata  ; Output ; Info     ; Explicitly unconnected            ;
; writedata ; Input  ; Info     ; Explicitly unconnected            ;
; areset    ; Input  ; Info     ; Explicitly unconnected            ;
; locked    ; Output ; Info     ; Explicitly unconnected            ;
; phasedone ; Output ; Info     ; Explicitly unconnected            ;
+-----------+--------+----------+-----------------------------------+


+-----------------------------------------------+
; Port Connectivity Checks: "VGA:vga1|PLL:C2"   ;
+-------------+-------+----------+--------------+
; Port        ; Type  ; Severity ; Details      ;
+-------------+-------+----------+--------------+
; reset_reset ; Input ; Info     ; Stuck at VCC ;
+-------------+-------+----------+--------------+


+-------------------------------+
; Elapsed Time Per Partition    ;
+----------------+--------------+
; Partition Name ; Elapsed Time ;
+----------------+--------------+
; Top            ; 00:00:17     ;
+----------------+--------------+


+-------------------------------+
; Analysis & Synthesis Messages ;
+-------------------------------+
Info: *******************************************************************
Info: Running Quartus II 64-Bit Analysis & Synthesis
    Info: Version 13.0.1 Build 232 06/12/2013 Service Pack 1 SJ Web Edition
    Info: Processing started: Wed Jun 20 16:11:39 2018
Info: Command: quartus_map --read_settings_files=on --write_settings_files=off VGA -c VGA
Warning (20028): Parallel compilation is not licensed and has been disabled
Info (12021): Found 2 design units, including 1 entities, in source file top_level.vhd
    Info (12022): Found design unit 1: TOP_LEVEL-main
    Info (12023): Found entity 1: TOP_LEVEL
Info (12021): Found 1 design units, including 1 entities, in source file pll/pll/pll/synthesis/pll.v
    Info (12023): Found entity 1: PLL
Info (12021): Found 4 design units, including 4 entities, in source file pll/pll/pll/synthesis/submodules/pll_altpll_0.v
    Info (12023): Found entity 1: PLL_altpll_0_dffpipe_l2c
    Info (12023): Found entity 2: PLL_altpll_0_stdsync_sv6
    Info (12023): Found entity 3: PLL_altpll_0_altpll_h542
    Info (12023): Found entity 4: PLL_altpll_0
Info (12021): Found 2 design units, including 1 entities, in source file vga.vhd
    Info (12022): Found design unit 1: VGA-main
    Info (12023): Found entity 1: VGA
Info (12021): Found 2 design units, including 1 entities, in source file sync.vhd
    Info (12022): Found design unit 1: SYNC-main
    Info (12023): Found entity 1: SYNC
Info (12021): Found 2 design units, including 1 entities, in source file player_controller.vhd
    Info (12022): Found design unit 1: PLAYER_CONTROLLER-main
    Info (12023): Found entity 1: PLAYER_CONTROLLER
Info (12021): Found 1 design units, including 0 entities, in source file types.vhd
    Info (12022): Found design unit 1: display_types
Info (12021): Found 2 design units, including 1 entities, in source file game_timer.vhd
    Info (12022): Found design unit 1: GAME_TIMER-main
    Info (12023): Found entity 1: GAME_TIMER
Info (12021): Found 2 design units, including 1 entities, in source file game_controller.vhd
    Info (12022): Found design unit 1: GAME_CONTROLLER-main
    Info (12023): Found entity 1: GAME_CONTROLLER
Info (12127): Elaborating entity "TOP_LEVEL" for the top level hierarchy
Warning (10036): Verilog HDL or VHDL warning at TOP_LEVEL.vhd(67): object "score1" assigned a value but never read
Warning (10036): Verilog HDL or VHDL warning at TOP_LEVEL.vhd(67): object "score2" assigned a value but never read
Warning (10036): Verilog HDL or VHDL warning at TOP_LEVEL.vhd(68): object "snake1AteApple" assigned a value but never read
Warning (10036): Verilog HDL or VHDL warning at TOP_LEVEL.vhd(68): object "snake2AteApple" assigned a value but never read
Warning (10036): Verilog HDL or VHDL warning at TOP_LEVEL.vhd(68): object "snake1AteSpecial" assigned a value but never read
Warning (10036): Verilog HDL or VHDL warning at TOP_LEVEL.vhd(68): object "snake2AteSpecial" assigned a value but never read
Info (10008): Verilog HDL or VHDL information: EDA Netlist Writer cannot regroup multidimensional array "player1" into its bus
Info (10008): Verilog HDL or VHDL information: EDA Netlist Writer cannot regroup multidimensional array "player2" into its bus
Info (12128): Elaborating entity "GAME_TIMER" for hierarchy "GAME_TIMER:C3"
Info (12128): Elaborating entity "PLAYER_CONTROLLER" for hierarchy "PLAYER_CONTROLLER:p1"
Info (10008): Verilog HDL or VHDL information: EDA Netlist Writer cannot regroup multidimensional array "player" into its bus
Info (10008): Verilog HDL or VHDL information: EDA Netlist Writer cannot regroup multidimensional array "player_position" into its bus
Info (10008): Verilog HDL or VHDL information: EDA Netlist Writer cannot regroup multidimensional array "player" into its bus
Info (12128): Elaborating entity "VGA" for hierarchy "VGA:vga1"
Warning (10540): VHDL Signal Declaration warning at VGA.vhd(48): used explicit default value for signal "RESET" because signal was never assigned a value
Info (10008): Verilog HDL or VHDL information: EDA Netlist Writer cannot regroup multidimensional array "player1" into its bus
Info (10008): Verilog HDL or VHDL information: EDA Netlist Writer cannot regroup multidimensional array "player2" into its bus
Info (10008): Verilog HDL or VHDL information: EDA Netlist Writer cannot regroup multidimensional array "player1" into its bus
Info (10008): Verilog HDL or VHDL information: EDA Netlist Writer cannot regroup multidimensional array "player2" into its bus
Info (12128): Elaborating entity "SYNC" for hierarchy "VGA:vga1|SYNC:C1"
Warning (10492): VHDL Process Statement warning at SYNC.vhd(117): signal "hpos" is read inside the Process Statement but isn't in the Process Statement's sensitivity list
Warning (10492): VHDL Process Statement warning at SYNC.vhd(122): signal "vpos" is read inside the Process Statement but isn't in the Process Statement's sensitivity list
Warning (10492): VHDL Process Statement warning at SYNC.vhd(127): signal "hpos" is read inside the Process Statement but isn't in the Process Statement's sensitivity list
Warning (10492): VHDL Process Statement warning at SYNC.vhd(127): signal "vpos" is read inside the Process Statement but isn't in the Process Statement's sensitivity list
Info (10008): Verilog HDL or VHDL information: EDA Netlist Writer cannot regroup multidimensional array "player1" into its bus
Info (10008): Verilog HDL or VHDL information: EDA Netlist Writer cannot regroup multidimensional array "player2" into its bus
Info (10008): Verilog HDL or VHDL information: EDA Netlist Writer cannot regroup multidimensional array "player1" into its bus
Info (10008): Verilog HDL or VHDL information: EDA Netlist Writer cannot regroup multidimensional array "player2" into its bus
Info (12128): Elaborating entity "PLL" for hierarchy "VGA:vga1|PLL:C2"
Info (12128): Elaborating entity "PLL_altpll_0" for hierarchy "VGA:vga1|PLL:C2|PLL_altpll_0:altpll_0"
Info (12128): Elaborating entity "PLL_altpll_0_stdsync_sv6" for hierarchy "VGA:vga1|PLL:C2|PLL_altpll_0:altpll_0|PLL_altpll_0_stdsync_sv6:stdsync2"
Info (12128): Elaborating entity "PLL_altpll_0_dffpipe_l2c" for hierarchy "VGA:vga1|PLL:C2|PLL_altpll_0:altpll_0|PLL_altpll_0_stdsync_sv6:stdsync2|PLL_altpll_0_dffpipe_l2c:dffpipe3"
Info (12128): Elaborating entity "PLL_altpll_0_altpll_h542" for hierarchy "VGA:vga1|PLL:C2|PLL_altpll_0:altpll_0|PLL_altpll_0_altpll_h542:sd1"
Info (12128): Elaborating entity "GAME_CONTROLLER" for hierarchy "GAME_CONTROLLER:gameController"
Warning (10541): VHDL Signal Declaration warning at GAME_CONTROLLER.vhd(15): used implicit default value for signal "score1" because signal was never assigned a value or an explicit default value. Use of implicit default value may introduce unintended design optimizations.
Warning (10541): VHDL Signal Declaration warning at GAME_CONTROLLER.vhd(16): used implicit default value for signal "score2" because signal was never assigned a value or an explicit default value. Use of implicit default value may introduce unintended design optimizations.
Warning (10541): VHDL Signal Declaration warning at GAME_CONTROLLER.vhd(17): used implicit default value for signal "snake1AteApple" because signal was never assigned a value or an explicit default value. Use of implicit default value may introduce unintended design optimizations.
Warning (10541): VHDL Signal Declaration warning at GAME_CONTROLLER.vhd(18): used implicit default value for signal "snake2AteApple" because signal was never assigned a value or an explicit default value. Use of implicit default value may introduce unintended design optimizations.
Warning (10541): VHDL Signal Declaration warning at GAME_CONTROLLER.vhd(19): used implicit default value for signal "snake1AteSpecial" because signal was never assigned a value or an explicit default value. Use of implicit default value may introduce unintended design optimizations.
Warning (10541): VHDL Signal Declaration warning at GAME_CONTROLLER.vhd(20): used implicit default value for signal "snake2AteSpecial" because signal was never assigned a value or an explicit default value. Use of implicit default value may introduce unintended design optimizations.
Info (10008): Verilog HDL or VHDL information: EDA Netlist Writer cannot regroup multidimensional array "snake1Matrix" into its bus
Info (10008): Verilog HDL or VHDL information: EDA Netlist Writer cannot regroup multidimensional array "snake2Matrix" into its bus
Info (10008): Verilog HDL or VHDL information: EDA Netlist Writer cannot regroup multidimensional array "snake1Matrix" into its bus
Info (10008): Verilog HDL or VHDL information: EDA Netlist Writer cannot regroup multidimensional array "snake2Matrix" into its bus
Info (278001): Inferred 4 megafunctions from design logic
    Info (278004): Inferred divider/modulo megafunction ("lpm_divide") from the following logic: "PLAYER_CONTROLLER:p1|Mod0"
    Info (278004): Inferred divider/modulo megafunction ("lpm_divide") from the following logic: "PLAYER_CONTROLLER:p1|Mod1"
    Info (278004): Inferred divider/modulo megafunction ("lpm_divide") from the following logic: "PLAYER_CONTROLLER:p2|Mod0"
    Info (278004): Inferred divider/modulo megafunction ("lpm_divide") from the following logic: "PLAYER_CONTROLLER:p2|Mod1"
Info (12130): Elaborated megafunction instantiation "PLAYER_CONTROLLER:p1|lpm_divide:Mod0"
Info (12133): Instantiated megafunction "PLAYER_CONTROLLER:p1|lpm_divide:Mod0" with the following parameter:
    Info (12134): Parameter "LPM_WIDTHN" = "33"
    Info (12134): Parameter "LPM_WIDTHD" = "32"
    Info (12134): Parameter "LPM_NREPRESENTATION" = "UNSIGNED"
    Info (12134): Parameter "LPM_DREPRESENTATION" = "UNSIGNED"
Info (12021): Found 1 design units, including 1 entities, in source file db/lpm_divide_cbm.tdf
    Info (12023): Found entity 1: lpm_divide_cbm
Info (12021): Found 1 design units, including 1 entities, in source file db/sign_div_unsign_anh.tdf
    Info (12023): Found entity 1: sign_div_unsign_anh
Info (12021): Found 1 design units, including 1 entities, in source file db/alt_u_div_v8f.tdf
    Info (12023): Found entity 1: alt_u_div_v8f
Info (12021): Found 1 design units, including 1 entities, in source file db/add_sub_unc.tdf
    Info (12023): Found entity 1: add_sub_unc
Info (12021): Found 1 design units, including 1 entities, in source file db/add_sub_vnc.tdf
    Info (12023): Found entity 1: add_sub_vnc
Info (12130): Elaborated megafunction instantiation "PLAYER_CONTROLLER:p1|lpm_divide:Mod1"
Info (12133): Instantiated megafunction "PLAYER_CONTROLLER:p1|lpm_divide:Mod1" with the following parameter:
    Info (12134): Parameter "LPM_WIDTHN" = "33"
    Info (12134): Parameter "LPM_WIDTHD" = "32"
    Info (12134): Parameter "LPM_NREPRESENTATION" = "UNSIGNED"
    Info (12134): Parameter "LPM_DREPRESENTATION" = "UNSIGNED"
Info (286030): Timing-Driven Synthesis is running
Info (16010): Generating hard_block partition "hard_block:auto_generated_inst"
    Info (16011): Adding 1 node(s), including 0 DDIO, 1 PLL, 0 transceiver and 0 LCELL
Info (21057): Implemented 9140 device resources after synthesis - the final resource count might be different
    Info (21058): Implemented 9 input pins
    Info (21059): Implemented 15 output pins
    Info (21061): Implemented 9115 logic cells
    Info (21065): Implemented 1 PLLs
Info: Quartus II 64-Bit Analysis & Synthesis was successful. 0 errors, 18 warnings
    Info: Peak virtual memory: 626 megabytes
    Info: Processing ended: Wed Jun 20 16:12:00 2018
    Info: Elapsed time: 00:00:21
    Info: Total CPU time (on all processors): 00:00:20


