Flow report for VGA
Wed Jun 20 17:09:47 2018
Quartus II 32-bit Version 13.0.0 Build 156 04/24/2013 SJ Web Edition


---------------------
; Table of Contents ;
---------------------
  1. Legal Notice
  2. Flow Summary
  3. Flow Settings
  4. Flow Non-Default Global Settings
  5. Flow Elapsed Time
  6. Flow OS Summary
  7. Flow Log
  8. Flow Messages
  9. Flow Suppressed Messages



----------------
; Legal Notice ;
----------------
Copyright (C) 1991-2013 Altera Corporation
Your use of Altera Corporation's design tools, logic functions 
and other software and tools, and its AMPP partner logic 
functions, and any output files from any of the foregoing 
(including device programming or simulation files), and any 
associated documentation or information are expressly subject 
to the terms and conditions of the Altera Program License 
Subscription Agreement, Altera MegaCore Function License 
Agreement, or other applicable license agreement, including, 
without limitation, that your use is for the sole purpose of 
programming logic devices manufactured by Altera and sold by 
Altera or its authorized distributors.  Please refer to the 
applicable agreement for further details.



+---------------------------------------------------------------------------------+
; Flow Summary                                                                    ;
+------------------------------------+--------------------------------------------+
; Flow Status                        ; Successful - Wed Jun 20 17:09:29 2018      ;
; Quartus II 32-bit Version          ; 13.0.0 Build 156 04/24/2013 SJ Web Edition ;
; Revision Name                      ; VGA                                        ;
; Top-level Entity Name              ; TOP_LEVEL                                  ;
; Family                             ; Cyclone III                                ;
; Device                             ; EP3C16F484C6                               ;
; Timing Models                      ; Final                                      ;
; Total logic elements               ; 9,032 / 15,408 ( 59 % )                    ;
;     Total combinational functions  ; 8,209 / 15,408 ( 53 % )                    ;
;     Dedicated logic registers      ; 1,602 / 15,408 ( 10 % )                    ;
; Total registers                    ; 1602                                       ;
; Total pins                         ; 24 / 347 ( 7 % )                           ;
; Total virtual pins                 ; 0                                          ;
; Total memory bits                  ; 0 / 516,096 ( 0 % )                        ;
; Embedded Multiplier 9-bit elements ; 0 / 112 ( 0 % )                            ;
; Total PLLs                         ; 1 / 4 ( 25 % )                             ;
+------------------------------------+--------------------------------------------+


+-----------------------------------------+
; Flow Settings                           ;
+-------------------+---------------------+
; Option            ; Setting             ;
+-------------------+---------------------+
; Start date & time ; 06/20/2018 17:07:55 ;
; Main task         ; Compilation         ;
; Revision Name     ; VGA                 ;
+-------------------+---------------------+


+-----------------------------------------------------------------------------------------------------------------------------------------+
; Flow Non-Default Global Settings                                                                                                        ;
+-------------------------------------+-------------------------------------------------------+---------------+--------------+------------+
; Assignment Name                     ; Value                                                 ; Default Value ; Entity Name  ; Section Id ;
+-------------------------------------+-------------------------------------------------------+---------------+--------------+------------+
; COMPILER_SIGNATURE_ID               ; 88263143229010.152952527503328                        ; --            ; --           ; --         ;
; IP_TOOL_ENV                         ; Qsys                                                  ; --            ; PLL          ; --         ;
; IP_TOOL_ENV                         ; Qsys                                                  ; --            ; PLL_altpll_0 ; --         ;
; IP_TOOL_NAME                        ; Qsys                                                  ; --            ; PLL          ; --         ;
; IP_TOOL_NAME                        ; altpll                                                ; --            ; PLL_altpll_0 ; --         ;
; IP_TOOL_VERSION                     ; 13.0sp1                                               ; --            ; PLL          ; --         ;
; IP_TOOL_VERSION                     ; 13.0                                                  ; --            ; PLL_altpll_0 ; --         ;
; MAX_CORE_JUNCTION_TEMP              ; 85                                                    ; --            ; --           ; --         ;
; MIN_CORE_JUNCTION_TEMP              ; 0                                                     ; --            ; --           ; --         ;
; MISC_FILE                           ; PLL/PLL/PLL/synthesis/../../PLL.cmp                   ; --            ; --           ; --         ;
; MISC_FILE                           ; PLL/PLL/PLL/synthesis/../../PLL.qsys                  ; --            ; --           ; --         ;
; OUTPUT_IO_TIMING_FAR_END_VMEAS      ; Half Signal Swing                                     ; --            ; --           ; --         ;
; OUTPUT_IO_TIMING_FAR_END_VMEAS      ; Half Signal Swing                                     ; --            ; --           ; --         ;
; OUTPUT_IO_TIMING_NEAR_END_VMEAS     ; Half Vccio                                            ; --            ; --           ; --         ;
; OUTPUT_IO_TIMING_NEAR_END_VMEAS     ; Half Vccio                                            ; --            ; --           ; --         ;
; PARTITION_COLOR                     ; 16764057                                              ; --            ; TOP_LEVEL    ; Top        ;
; PARTITION_FITTER_PRESERVATION_LEVEL ; PLACEMENT_AND_ROUTING                                 ; --            ; TOP_LEVEL    ; Top        ;
; PARTITION_NETLIST_TYPE              ; SOURCE                                                ; --            ; TOP_LEVEL    ; Top        ;
; POWER_BOARD_THERMAL_MODEL           ; None (CONSERVATIVE)                                   ; --            ; --           ; --         ;
; POWER_PRESET_COOLING_SOLUTION       ; 23 MM HEAT SINK WITH 200 LFPM AIRFLOW                 ; --            ; --           ; --         ;
; PROJECT_OUTPUT_DIRECTORY            ; output_files                                          ; --            ; --           ; --         ;
; SLD_INFO                            ; QSYS_NAME PLL HAS_SOPCINFO 1 GENERATION_ID 1528907276 ; --            ; PLL          ; --         ;
; SOPCINFO_FILE                       ; PLL/PLL/PLL/synthesis/../../PLL.sopcinfo              ; --            ; --           ; --         ;
; SYNTHESIS_ONLY_QIP                  ; On                                                    ; --            ; --           ; --         ;
; TOP_LEVEL_ENTITY                    ; TOP_LEVEL                                             ; VGA           ; --           ; --         ;
+-------------------------------------+-------------------------------------------------------+---------------+--------------+------------+


+-------------------------------------------------------------------------------------------------------------------------------+
; Flow Elapsed Time                                                                                                             ;
+---------------------------+--------------+-------------------------+---------------------+------------------------------------+
; Module Name               ; Elapsed Time ; Average Processors Used ; Peak Virtual Memory ; Total CPU Time (on all processors) ;
+---------------------------+--------------+-------------------------+---------------------+------------------------------------+
; Analysis & Synthesis      ; 00:00:12     ; 1.0                     ; 410 MB              ; 00:00:12                           ;
; Fitter                    ; 00:01:16     ; 1.0                     ; 596 MB              ; 00:01:16                           ;
; Assembler                 ; 00:00:02     ; 1.0                     ; 357 MB              ; 00:00:02                           ;
; TimeQuest Timing Analyzer ; 00:00:17     ; 1.0                     ; 486 MB              ; 00:00:17                           ;
; Total                     ; 00:01:47     ; --                      ; --                  ; 00:01:47                           ;
+---------------------------+--------------+-------------------------+---------------------+------------------------------------+


+----------------------------------------------------------------------------------------+
; Flow OS Summary                                                                        ;
+---------------------------+------------------+-----------+------------+----------------+
; Module Name               ; Machine Hostname ; OS Name   ; OS Version ; Processor type ;
+---------------------------+------------------+-----------+------------+----------------+
; Analysis & Synthesis      ; DAELN-PC         ; Windows 7 ; 6.1        ; x86_64         ;
; Fitter                    ; DAELN-PC         ; Windows 7 ; 6.1        ; x86_64         ;
; Assembler                 ; DAELN-PC         ; Windows 7 ; 6.1        ; x86_64         ;
; TimeQuest Timing Analyzer ; DAELN-PC         ; Windows 7 ; 6.1        ; x86_64         ;
+---------------------------+------------------+-----------+------------+----------------+


------------
; Flow Log ;
------------
quartus_map --read_settings_files=on --write_settings_files=off VGA -c VGA
quartus_fit --read_settings_files=off --write_settings_files=off VGA -c VGA
quartus_asm --read_settings_files=off --write_settings_files=off VGA -c VGA
quartus_sta VGA -c VGA



